09-10-2018 15:36:57	This log contains information about the import schema operation into project 'Personkartotek.DB' on computer 'STANIE-PC' by user 'Stanie'.
09-10-2018 15:36:57	Import of database schema has started.
09-10-2018 15:37:03	Gathering database credentials
09-10-2018 15:37:03	Gathering database options
09-10-2018 15:37:03	Gathering users
09-10-2018 15:37:03	Gathering roles
09-10-2018 15:37:03	Gathering application roles
09-10-2018 15:37:03	Gathering role memberships
09-10-2018 15:37:03	Gathering filegroups
09-10-2018 15:37:03	Gathering full-text catalogs
09-10-2018 15:37:03	Gathering assemblies
09-10-2018 15:37:03	Gathering certificates
09-10-2018 15:37:03	Gathering asymmetric keys
09-10-2018 15:37:03	Gathering symmetric keys
09-10-2018 15:37:03	Gathering encrypted symmetric keys
09-10-2018 15:37:03	Gathering schemas
09-10-2018 15:37:03	Gathering XML schema collections
09-10-2018 15:37:03	Gathering user-defined data types
09-10-2018 15:37:03	Gathering user-defined types
09-10-2018 15:37:03	Gathering table types
09-10-2018 15:37:03	Gathering unique keys for table types
09-10-2018 15:37:03	Gathering primary keys for table types
09-10-2018 15:37:03	Gathering indexes for table types
09-10-2018 15:37:03	Gathering check constraints for table types
09-10-2018 15:37:03	Gathering default constraints for table types
09-10-2018 15:37:03	Gathering partition functions
09-10-2018 15:37:03	Gathering partition schemes
09-10-2018 15:37:03	Gathering functions
09-10-2018 15:37:03	Gathering encrypted functions
09-10-2018 15:37:03	Gathering aggregates
09-10-2018 15:37:03	Gathering procedures
09-10-2018 15:37:03	Gathering encrypted procedures
09-10-2018 15:37:03	Gathering tables
09-10-2018 15:37:03	Gathering primary keys
09-10-2018 15:37:03	Gathering unique constraints
09-10-2018 15:37:03	Gathering foreign keys
09-10-2018 15:37:03	Gathering default constraints
09-10-2018 15:37:03	Gathering check constraints
09-10-2018 15:37:03	Gathering views
09-10-2018 15:37:03	Gathering encrypted views
09-10-2018 15:37:03	Gathering indexes
09-10-2018 15:37:03	Gathering statistics
09-10-2018 15:37:03	Gathering full-text index stoplists
09-10-2018 15:37:03	Gathering search property lists
09-10-2018 15:37:03	Gathering search properties
09-10-2018 15:37:03	Gathering full-text indexes
09-10-2018 15:37:03	Gathering column store indexes
09-10-2018 15:37:03	Gathering spatial indexes
09-10-2018 15:37:03	Gathering XML indexes
09-10-2018 15:37:03	Gathering Selective XML indexes
09-10-2018 15:37:03	Gathering encrypted triggers
09-10-2018 15:37:03	Gathering triggers
09-10-2018 15:37:03	Gathering encrypted and clr ddl triggers
09-10-2018 15:37:03	Gathering ddl triggers
09-10-2018 15:37:03	Gathering synonyms
09-10-2018 15:37:03	Gathering defaults
09-10-2018 15:37:03	Gathering data constraint uddt bindings
09-10-2018 15:37:03	Gathering rules
09-10-2018 15:37:03	Gathering data constraint uddt bindings
09-10-2018 15:37:03	Gathering message types
09-10-2018 15:37:03	Gathering queues
09-10-2018 15:37:03	Gathering contracts
09-10-2018 15:37:03	Gathering services
09-10-2018 15:37:03	Gathering event notifications
09-10-2018 15:37:03	Gathering remote service bindings
09-10-2018 15:37:03	Gathering broker priorities
09-10-2018 15:37:03	Gathering signatures
09-10-2018 15:37:03	Gathering data compression options
09-10-2018 15:37:03	Gathering sequence types
09-10-2018 15:37:03	Gathering security policies
09-10-2018 15:37:03	Gather column encryption keys
09-10-2018 15:37:03	Gathering column master keys
09-10-2018 15:37:03	Gathering external data sources
09-10-2018 15:37:03	Gathering external file formats
09-10-2018 15:37:03	Gathering external tables
09-10-2018 15:37:03	Gathering extended properties
09-10-2018 15:37:03	Gathering credentials
09-10-2018 15:37:03	Gathering logins
09-10-2018 15:37:03	Gathering server audits
09-10-2018 15:37:03	Scanning project for duplicate elements
09-10-2018 15:37:03	Finished duplicate element processing
09-10-2018 15:37:04	Finished importing database.
09-10-2018 15:37:04	A summary of the import was saved to the following location: C:\Users\Stanie\Desktop\4. Semester\Noter\I4DAB\HandIn 2\Personkartotek\Personkartotek.DB\Import Schema Logs\Personkartotek.DB_20181009013657.log
09-10-2018 15:37:04	Click Finish to continue...
